--- Ran at Sun Nov 30 15:08:46 +08 2025 ---
Scraping https://results.motorsport.com/main/m/54/367/12627
Result found for Grand Prix ID 
Scraping https://results.motorsport.com/main/m/54/367/12628
Result found for Grand Prix ID 
Scraping https://results.motorsport.com/main/m/54/367/12629
Result found for Grand Prix ID 
Scraping https://results.motorsport.com/main/m/54/367/12630
Result found for Grand Prix ID 
Scraping https://results.motorsport.com/main/m/54/367/12631
Result found for Grand Prix ID 
Scraping https://results.motorsport.com/main/m/54/367/12632
Result found for Grand Prix ID 
Scraping https://results.motorsport.com/main/m/54/367/12633
Result found for Grand Prix ID 
Scraping https://results.motorsport.com/main/m/54/367/12634
Result found for Grand Prix ID 
Scraping https://results.motorsport.com/main/m/54/367/12635
Result found for Grand Prix ID 
Scraping https://results.motorsport.com/main/m/54/367/12636
Result found for Grand Prix ID 
Scraping https://results.motorsport.com/main/m/54/367/12637
Result found for Grand Prix ID 
Scraping https://results.motorsport.com/main/m/54/367/12638
Result found for Grand Prix ID 
Scraping https://results.motorsport.com/main/m/54/367/12639
Result found for Grand Prix ID 
Scraping https://results.motorsport.com/main/m/54/367/12640
Result found for Grand Prix ID 
Scraping https://results.motorsport.com/main/m/54/367/12641
Result found for Grand Prix ID 
Scraping https://results.motorsport.com/main/m/54/367/12642
Result found for Grand Prix ID 
Scraping https://results.motorsport.com/main/m/54/367/12643
Result found for Grand Prix ID 
Scraping https://results.motorsport.com/main/m/54/367/12644
No results available yet
Scraping https://results.motorsport.com/main/m/54/367/12645
Result found for Grand Prix ID 
Scraping https://results.motorsport.com/main/m/54/367/12646
Result found for Grand Prix ID 
Scraping https://results.motorsport.com/main/m/54/367/12647
Result found for Grand Prix ID 
Scraping https://results.motorsport.com/main/m/54/367/12648
Result found for Grand Prix ID 
Scraping https://results.motorsport.com/main/m/54/367/12649
No results available yet
Scraping https://results.motorsport.com/main/m/54/367/12650
No results available yet
--- Ran at Sun Nov 30 15:10:31 +08 2025 ---
Scraping https://results.motorsport.com/main/m/54/367/12627
Result found for Grand Prix ID 12627
Scraping https://results.motorsport.com/main/m/54/367/12628
Result found for Grand Prix ID 12628
Scraping https://results.motorsport.com/main/m/54/367/12629
Result found for Grand Prix ID 12629
Scraping https://results.motorsport.com/main/m/54/367/12630
Result found for Grand Prix ID 12630
Scraping https://results.motorsport.com/main/m/54/367/12631
Result found for Grand Prix ID 12631
Scraping https://results.motorsport.com/main/m/54/367/12632
Result found for Grand Prix ID 12632
Scraping https://results.motorsport.com/main/m/54/367/12633
Result found for Grand Prix ID 12633
Scraping https://results.motorsport.com/main/m/54/367/12634
Result found for Grand Prix ID 12634
Scraping https://results.motorsport.com/main/m/54/367/12635
Result found for Grand Prix ID 12635
Scraping https://results.motorsport.com/main/m/54/367/12636
Result found for Grand Prix ID 12636
Scraping https://results.motorsport.com/main/m/54/367/12637
Result found for Grand Prix ID 12637
Scraping https://results.motorsport.com/main/m/54/367/12638
Result found for Grand Prix ID 12638
Scraping https://results.motorsport.com/main/m/54/367/12639
Result found for Grand Prix ID 12639
Scraping https://results.motorsport.com/main/m/54/367/12640
Result found for Grand Prix ID 12640
Scraping https://results.motorsport.com/main/m/54/367/12641
Result found for Grand Prix ID 12641
Scraping https://results.motorsport.com/main/m/54/367/12642
Result found for Grand Prix ID 12642
Scraping https://results.motorsport.com/main/m/54/367/12643
Result found for Grand Prix ID 12643
Scraping https://results.motorsport.com/main/m/54/367/12644
No results available yet
Scraping https://results.motorsport.com/main/m/54/367/12645
Result found for Grand Prix ID 12645
Scraping https://results.motorsport.com/main/m/54/367/12646
Result found for Grand Prix ID 12646
Scraping https://results.motorsport.com/main/m/54/367/12647
Result found for Grand Prix ID 12647
Scraping https://results.motorsport.com/main/m/54/367/12648
Result found for Grand Prix ID 12648
Scraping https://results.motorsport.com/main/m/54/367/12649
No results available yet
Scraping https://results.motorsport.com/main/m/54/367/12650
No results available yet
--- Scraping Ran at Sun Nov 30 17:14:53 +08 2025 ---
Scraping https://results.motorsport.com/main/m/54/367/12627
Result found for Grand Prix ID 12627
Scraping https://results.motorsport.com/main/m/54/367/12628
Result found for Grand Prix ID 12628
Scraping https://results.motorsport.com/main/m/54/367/12629
Result found for Grand Prix ID 12629
Scraping https://results.motorsport.com/main/m/54/367/12630
Result found for Grand Prix ID 12630
Scraping https://results.motorsport.com/main/m/54/367/12631
Result found for Grand Prix ID 12631
Scraping https://results.motorsport.com/main/m/54/367/12632
Result found for Grand Prix ID 12632
Scraping https://results.motorsport.com/main/m/54/367/12633
Result found for Grand Prix ID 12633
Scraping https://results.motorsport.com/main/m/54/367/12634
Result found for Grand Prix ID 12634
Scraping https://results.motorsport.com/main/m/54/367/12635
Result found for Grand Prix ID 12635
Scraping https://results.motorsport.com/main/m/54/367/12636
Result found for Grand Prix ID 12636
Scraping https://results.motorsport.com/main/m/54/367/12637
Result found for Grand Prix ID 12637
Scraping https://results.motorsport.com/main/m/54/367/12638
Result found for Grand Prix ID 12638
Scraping https://results.motorsport.com/main/m/54/367/12639
Result found for Grand Prix ID 12639
Scraping https://results.motorsport.com/main/m/54/367/12640
Result found for Grand Prix ID 12640
Scraping https://results.motorsport.com/main/m/54/367/12641
Result found for Grand Prix ID 12641
Scraping https://results.motorsport.com/main/m/54/367/12642
Result found for Grand Prix ID 12642
Scraping https://results.motorsport.com/main/m/54/367/12643
Result found for Grand Prix ID 12643
Scraping https://results.motorsport.com/main/m/54/367/12644
No results available yet
Scraping https://results.motorsport.com/main/m/54/367/12645
Result found for Grand Prix ID 12645
Scraping https://results.motorsport.com/main/m/54/367/12646
Result found for Grand Prix ID 12646
Scraping https://results.motorsport.com/main/m/54/367/12647
Result found for Grand Prix ID 12647
Scraping https://results.motorsport.com/main/m/54/367/12648
Result found for Grand Prix ID 12648
Scraping https://results.motorsport.com/main/m/54/367/12649
No results available yet
Scraping https://results.motorsport.com/main/m/54/367/12650
No results available yet
--- Scraping Ran at Sun Dec 14 05:41:17 +08 2025 ---
Scraping https://results.motorsport.com/main/m/54/367/12627
Result found for Grand Prix ID 12627
Scraping https://results.motorsport.com/main/m/54/367/12628
Result found for Grand Prix ID 12628
Scraping https://results.motorsport.com/main/m/54/367/12629
Result found for Grand Prix ID 12629
Scraping https://results.motorsport.com/main/m/54/367/12630
Result found for Grand Prix ID 12630
Scraping https://results.motorsport.com/main/m/54/367/12631
Result found for Grand Prix ID 12631
Scraping https://results.motorsport.com/main/m/54/367/12632
Result found for Grand Prix ID 12632
Scraping https://results.motorsport.com/main/m/54/367/12633
Result found for Grand Prix ID 12633
Scraping https://results.motorsport.com/main/m/54/367/12634
Result found for Grand Prix ID 12634
Scraping https://results.motorsport.com/main/m/54/367/12635
Result found for Grand Prix ID 12635
Scraping https://results.motorsport.com/main/m/54/367/12636
Result found for Grand Prix ID 12636
Scraping https://results.motorsport.com/main/m/54/367/12637
Result found for Grand Prix ID 12637
Scraping https://results.motorsport.com/main/m/54/367/12638
Result found for Grand Prix ID 12638
Scraping https://results.motorsport.com/main/m/54/367/12639
Result found for Grand Prix ID 12639
Scraping https://results.motorsport.com/main/m/54/367/12640
Result found for Grand Prix ID 12640
Scraping https://results.motorsport.com/main/m/54/367/12641
Result found for Grand Prix ID 12641
Scraping https://results.motorsport.com/main/m/54/367/12642
Result found for Grand Prix ID 12642
Scraping https://results.motorsport.com/main/m/54/367/12643
Result found for Grand Prix ID 12643
Scraping https://results.motorsport.com/main/m/54/367/12644
No results available yet
Scraping https://results.motorsport.com/main/m/54/367/12645
Result found for Grand Prix ID 12645
Scraping https://results.motorsport.com/main/m/54/367/12646
Result found for Grand Prix ID 12646
Scraping https://results.motorsport.com/main/m/54/367/12647
Result found for Grand Prix ID 12647
Scraping https://results.motorsport.com/main/m/54/367/12648
Result found for Grand Prix ID 12648
Scraping https://results.motorsport.com/main/m/54/367/12649
Result found for Grand Prix ID 12649
Scraping https://results.motorsport.com/main/m/54/367/12650
Result found for Grand Prix ID 12650
--- Scraping Ran at Sun Dec 14 05:46:11 +08 2025 ---
Scraping https://results.motorsport.com/main/m/54/367/12627
Result found for Grand Prix ID 12627
Scraping https://results.motorsport.com/main/m/54/367/12628
Result found for Grand Prix ID 12628
Scraping https://results.motorsport.com/main/m/54/367/12629
Result found for Grand Prix ID 12629
Scraping https://results.motorsport.com/main/m/54/367/12630
Result found for Grand Prix ID 12630
Scraping https://results.motorsport.com/main/m/54/367/12631
Result found for Grand Prix ID 12631
Scraping https://results.motorsport.com/main/m/54/367/12632
Result found for Grand Prix ID 12632
Scraping https://results.motorsport.com/main/m/54/367/12633
Result found for Grand Prix ID 12633
Scraping https://results.motorsport.com/main/m/54/367/12634
Result found for Grand Prix ID 12634
Scraping https://results.motorsport.com/main/m/54/367/12635
Result found for Grand Prix ID 12635
Scraping https://results.motorsport.com/main/m/54/367/12636
Result found for Grand Prix ID 12636
Scraping https://results.motorsport.com/main/m/54/367/12637
Result found for Grand Prix ID 12637
Scraping https://results.motorsport.com/main/m/54/367/12638
Result found for Grand Prix ID 12638
Scraping https://results.motorsport.com/main/m/54/367/12639
Result found for Grand Prix ID 12639
Scraping https://results.motorsport.com/main/m/54/367/12640
Result found for Grand Prix ID 12640
Scraping https://results.motorsport.com/main/m/54/367/12641
Result found for Grand Prix ID 12641
Scraping https://results.motorsport.com/main/m/54/367/12642
Result found for Grand Prix ID 12642
Scraping https://results.motorsport.com/main/m/54/367/12643
Result found for Grand Prix ID 12643
Scraping https://results.motorsport.com/main/m/54/367/12644
No results available yet
Scraping https://results.motorsport.com/main/m/54/367/12645
Result found for Grand Prix ID 12645
Scraping https://results.motorsport.com/main/m/54/367/12646
Result found for Grand Prix ID 12646
Scraping https://results.motorsport.com/main/m/54/367/12647
Result found for Grand Prix ID 12647
Scraping https://results.motorsport.com/main/m/54/367/12648
Result found for Grand Prix ID 12648
Scraping https://results.motorsport.com/main/m/54/367/12649
Result found for Grand Prix ID 12649
Scraping https://results.motorsport.com/main/m/54/367/12650
Result found for Grand Prix ID 12650
